# JRE version: Java(TM) SE Runtime Environment (21.0.8+12) (build 21.0.8+12-LTS-250)
# Java VM: Java HotSpot(TM) 64-Bit Server VM (21.0.8+12-LTS-250, mixed mode, sharing, tiered, compressed oops, compressed class ptrs, g1 gc, windows-amd64)
GC Precious Log:
 CardTable entry size: 512
 Card Set container configuration: InlinePtr #cards 5 size 8 Array Of Cards #cards 12 size 40 Howl #buckets 4 coarsen threshold 1843 Howl Bitmap #cards 512 size 80 coarsen threshold 460 Card regions per heap region 1 cards per card region 2048
 CPUs: 6 total, 6 available
 Memory: 7549M
 Large Page Support: Disabled
 NUMA Support: Disabled
 Compressed Oops: Enabled (32-bit)
 Heap Region Size: 1M
 Heap Min Capacity: 8M
 Heap Initial Capacity: 118M
 Heap Max Capacity: 1888M
 Pre-touch: Disabled
 Parallel Workers: 6
 Concurrent Workers: 2
 Concurrent Refinement Workers: 6
 Periodic GC: Disabled
Heap:
 garbage-first heap   total 61440K, used 52796K [0x000000008a000000, 0x0000000100000000)
  region size 1024K, 31 young (31744K), 2 survivors (2048K)
 Metaspace       used 65906K, committed 66560K, reserved 1114112K
  class space    used 8688K, committed 8960K, reserved 1048576K
GC Heap History (20 events):
Event: 1.786 GC heap before
{Heap before GC invocations=1 (full 0):
 garbage-first heap   total 120832K, used 33840K [0x000000008a000000, 0x0000000100000000)
  region size 1024K, 29 young (29696K), 3 survivors (3072K)
 Metaspace       used 13324K, committed 13568K, reserved 1114112K
  class space    used 1485K, committed 1600K, reserved 1048576K
}
Event: 1.793 GC heap after
{Heap after GC invocations=2 (full 0):
 garbage-first heap   total 120832K, used 9451K [0x000000008a000000, 0x0000000100000000)
  region size 1024K, 2 young (2048K), 2 survivors (2048K)
 Metaspace       used 13324K, committed 13568K, reserved 1114112K
  class space    used 1485K, committed 1600K, reserved 1048576K
}
Event: 2.722 GC heap before
{Heap before GC invocations=2 (full 0):
 garbage-first heap   total 120832K, used 46315K [0x000000008a000000, 0x0000000100000000)
  region size 1024K, 39 young (39936K), 2 survivors (2048K)
 Metaspace       used 21110K, committed 21504K, reserved 1114112K
  class space    used 2569K, committed 2752K, reserved 1048576K
}
Event: 2.728 GC heap after
{Heap after GC invocations=3 (full 0):
 garbage-first heap   total 120832K, used 11863K [0x000000008a000000, 0x0000000100000000)
  region size 1024K, 5 young (5120K), 5 survivors (5120K)
 Metaspace       used 21110K, committed 21504K, reserved 1114112K
  class space    used 2569K, committed 2752K, reserved 1048576K
}
Event: 3.051 GC heap before
{Heap before GC invocations=4 (full 0):
 garbage-first heap   total 51200K, used 36439K [0x000000008a000000, 0x0000000100000000)
  region size 1024K, 30 young (30720K), 5 survivors (5120K)
 Metaspace       used 26283K, committed 26688K, reserved 1114112K
  class space    used 3158K, committed 3392K, reserved 1048576K
}
Event: 3.057 GC heap after
{Heap after GC invocations=5 (full 0):
 garbage-first heap   total 51200K, used 13721K [0x000000008a000000, 0x0000000100000000)
  region size 1024K, 3 young (3072K), 3 survivors (3072K)
 Metaspace       used 26283K, committed 26688K, reserved 1114112K
  class space    used 3158K, committed 3392K, reserved 1048576K
}
Event: 3.565 GC heap before
{Heap before GC invocations=5 (full 0):
 garbage-first heap   total 51200K, used 38297K [0x000000008a000000, 0x0000000100000000)
  region size 1024K, 28 young (28672K), 3 survivors (3072K)
 Metaspace       used 29639K, committed 30144K, reserved 1114112K
  class space    used 3590K, committed 3840K, reserved 1048576K
}
Event: 3.570 GC heap after
{Heap after GC invocations=6 (full 0):
 garbage-first heap   total 51200K, used 15950K [0x000000008a000000, 0x0000000100000000)
  region size 1024K, 4 young (4096K), 4 survivors (4096K)
 Metaspace       used 29639K, committed 30144K, reserved 1114112K
  class space    used 3590K, committed 3840K, reserved 1048576K
}
Event: 4.267 GC heap before
{Heap before GC invocations=6 (full 0):
 garbage-first heap   total 51200K, used 41550K [0x000000008a000000, 0x0000000100000000)
  region size 1024K, 29 young (29696K), 4 survivors (4096K)
 Metaspace       used 33403K, committed 33856K, reserved 1114112K
  class space    used 4090K, committed 4288K, reserved 1048576K
}
Event: 4.278 GC heap after
{Heap after GC invocations=7 (full 0):
 garbage-first heap   total 51200K, used 18432K [0x000000008a000000, 0x0000000100000000)
  region size 1024K, 2 young (2048K), 2 survivors (2048K)
 Metaspace       used 33403K, committed 33856K, reserved 1114112K
  class space    used 4090K, committed 4288K, reserved 1048576K
}
Event: 4.714 GC heap before
{Heap before GC invocations=7 (full 0):
 garbage-first heap   total 51200K, used 32768K [0x000000008a000000, 0x0000000100000000)
  region size 1024K, 17 young (17408K), 2 survivors (2048K)
 Metaspace       used 35606K, committed 36096K, reserved 1114112K
  class space    used 4424K, committed 4672K, reserved 1048576K
}
Event: 4.720 GC heap after
{Heap after GC invocations=8 (full 0):
 garbage-first heap   total 51200K, used 20068K [0x000000008a000000, 0x0000000100000000)
  region size 1024K, 4 young (4096K), 4 survivors (4096K)
 Metaspace       used 35606K, committed 36096K, reserved 1114112K
  class space    used 4424K, committed 4672K, reserved 1048576K
}
Event: 5.397 GC heap before
{Heap before GC invocations=9 (full 0):
 garbage-first heap   total 51200K, used 41572K [0x000000008a000000, 0x0000000100000000)
  region size 1024K, 26 young (26624K), 4 survivors (4096K)
 Metaspace       used 40546K, committed 41088K, reserved 1114112K
  class space    used 5154K, committed 5440K, reserved 1048576K
}
Event: 5.404 GC heap after
{Heap after GC invocations=10 (full 0):
 garbage-first heap   total 61440K, used 20666K [0x000000008a000000, 0x0000000100000000)
  region size 1024K, 3 young (3072K), 3 survivors (3072K)
 Metaspace       used 40546K, committed 41088K, reserved 1114112K
  class space    used 5154K, committed 5440K, reserved 1048576K
}
Event: 6.208 GC heap before
{Heap before GC invocations=10 (full 0):
 garbage-first heap   total 61440K, used 50362K [0x000000008a000000, 0x0000000100000000)
  region size 1024K, 33 young (33792K), 3 survivors (3072K)
 Metaspace       used 47923K, committed 48448K, reserved 1114112K
  class space    used 6101K, committed 6336K, reserved 1048576K
}
Event: 6.217 GC heap after
{Heap after GC invocations=11 (full 0):
 garbage-first heap   total 61440K, used 22404K [0x000000008a000000, 0x0000000100000000)
  region size 1024K, 5 young (5120K), 5 survivors (5120K)
 Metaspace       used 47923K, committed 48448K, reserved 1114112K
  class space    used 6101K, committed 6336K, reserved 1048576K
}
Event: 6.773 GC heap before
{Heap before GC invocations=11 (full 0):
 garbage-first heap   total 61440K, used 51076K [0x000000008a000000, 0x0000000100000000)
  region size 1024K, 34 young (34816K), 5 survivors (5120K)
 Metaspace       used 54692K, committed 55232K, reserved 1114112K
  class space    used 6948K, committed 7168K, reserved 1048576K
}
Event: 6.782 GC heap after
{Heap after GC invocations=12 (full 0):
 garbage-first heap   total 61440K, used 23219K [0x000000008a000000, 0x0000000100000000)
  region size 1024K, 3 young (3072K), 3 survivors (3072K)
 Metaspace       used 54692K, committed 55232K, reserved 1114112K
  class space    used 6948K, committed 7168K, reserved 1048576K
}
Event: 7.195 GC heap before
{Heap before GC invocations=12 (full 0):
 garbage-first heap   total 61440K, used 43699K [0x000000008a000000, 0x0000000100000000)
  region size 1024K, 24 young (24576K), 3 survivors (3072K)
 Metaspace       used 59914K, committed 60480K, reserved 1114112K
  class space    used 7852K, committed 8128K, reserved 1048576K
}
Event: 7.201 GC heap after
{Heap after GC invocations=13 (full 0):
 garbage-first heap   total 61440K, used 24124K [0x000000008a000000, 0x0000000100000000)
  region size 1024K, 2 young (2048K), 2 survivors (2048K)
 Metaspace       used 59914K, committed 60480K, reserved 1114112K
  class space    used 7852K, committed 8128K, reserved 1048576K
}

