# JRE version: Java(TM) SE Runtime Environment (21.0.8+12) (build 21.0.8+12-LTS-250)
# Java VM: Java HotSpot(TM) 64-Bit Server VM (21.0.8+12-LTS-250, mixed mode, sharing, tiered, compressed oops, compressed class ptrs, g1 gc, windows-amd64)
GC Precious Log:
 CardTable entry size: 512
 Card Set container configuration: InlinePtr #cards 5 size 8 Array Of Cards #cards 12 size 40 Howl #buckets 4 coarsen threshold 1843 Howl Bitmap #cards 512 size 80 coarsen threshold 460 Card regions per heap region 1 cards per card region 2048
 CPUs: 6 total, 6 available
 Memory: 7549M
 Large Page Support: Disabled
 NUMA Support: Disabled
 Compressed Oops: Enabled (32-bit)
 Heap Region Size: 1M
 Heap Min Capacity: 256M
 Heap Initial Capacity: 256M
 Heap Max Capacity: 512M
 Pre-touch: Disabled
 Parallel Workers: 6
 Concurrent Workers: 2
 Concurrent Refinement Workers: 6
 Periodic GC: Disabled
Heap:
 garbage-first heap   total 275456K, used 188014K [0x00000000e0000000, 0x0000000100000000)
  region size 1024K, 48 young (49152K), 12 survivors (12288K)
 Metaspace       used 137530K, committed 140160K, reserved 458752K
  class space    used 17663K, committed 18944K, reserved 327680K
GC Heap History (20 events):
Event: 23.637 GC heap before
{Heap before GC invocations=15 (full 0):
 garbage-first heap   total 267264K, used 235235K [0x00000000e0000000, 0x0000000100000000)
  region size 1024K, 112 young (114688K), 15 survivors (15360K)
 Metaspace       used 126567K, committed 129024K, reserved 458752K
  class space    used 16371K, committed 17600K, reserved 327680K
}
Event: 23.652 GC heap after
{Heap after GC invocations=16 (full 0):
 garbage-first heap   total 267264K, used 140360K [0x00000000e0000000, 0x0000000100000000)
  region size 1024K, 14 young (14336K), 14 survivors (14336K)
 Metaspace       used 126567K, committed 129024K, reserved 458752K
  class space    used 16371K, committed 17600K, reserved 327680K
}
Event: 25.247 GC heap before
{Heap before GC invocations=16 (full 0):
 garbage-first heap   total 267264K, used 236616K [0x00000000e0000000, 0x0000000100000000)
  region size 1024K, 109 young (111616K), 14 survivors (14336K)
 Metaspace       used 127466K, committed 129920K, reserved 458752K
  class space    used 16435K, committed 17664K, reserved 327680K
}
Event: 25.256 GC heap after
{Heap after GC invocations=17 (full 0):
 garbage-first heap   total 267264K, used 142657K [0x00000000e0000000, 0x0000000100000000)
  region size 1024K, 10 young (10240K), 10 survivors (10240K)
 Metaspace       used 127466K, committed 129920K, reserved 458752K
  class space    used 16435K, committed 17664K, reserved 327680K
}
Event: 26.080 GC heap before
{Heap before GC invocations=18 (full 0):
 garbage-first heap   total 267264K, used 240961K [0x00000000e0000000, 0x0000000100000000)
  region size 1024K, 107 young (109568K), 10 survivors (10240K)
 Metaspace       used 128565K, committed 130944K, reserved 458752K
  class space    used 16529K, committed 17728K, reserved 327680K
}
Event: 26.092 GC heap after
{Heap after GC invocations=19 (full 0):
 garbage-first heap   total 267264K, used 148075K [0x00000000e0000000, 0x0000000100000000)
  region size 1024K, 9 young (9216K), 9 survivors (9216K)
 Metaspace       used 128565K, committed 130944K, reserved 458752K
  class space    used 16529K, committed 17728K, reserved 327680K
}
Event: 26.675 GC heap before
{Heap before GC invocations=19 (full 0):
 garbage-first heap   total 267264K, used 242283K [0x00000000e0000000, 0x0000000100000000)
  region size 1024K, 102 young (104448K), 9 survivors (9216K)
 Metaspace       used 128621K, committed 131072K, reserved 458752K
  class space    used 16529K, committed 17728K, reserved 327680K
}
Event: 26.683 GC heap after
{Heap after GC invocations=20 (full 0):
 garbage-first heap   total 267264K, used 147908K [0x00000000e0000000, 0x0000000100000000)
  region size 1024K, 7 young (7168K), 7 survivors (7168K)
 Metaspace       used 128621K, committed 131072K, reserved 458752K
  class space    used 16529K, committed 17728K, reserved 327680K
}
Event: 27.028 GC heap before
{Heap before GC invocations=20 (full 0):
 garbage-first heap   total 267264K, used 244164K [0x00000000e0000000, 0x0000000100000000)
  region size 1024K, 101 young (103424K), 7 survivors (7168K)
 Metaspace       used 128718K, committed 131136K, reserved 458752K
  class space    used 16529K, committed 17728K, reserved 327680K
}
Event: 27.035 GC heap after
{Heap after GC invocations=21 (full 0):
 garbage-first heap   total 267264K, used 147633K [0x00000000e0000000, 0x0000000100000000)
  region size 1024K, 6 young (6144K), 6 survivors (6144K)
 Metaspace       used 128718K, committed 131136K, reserved 458752K
  class space    used 16529K, committed 17728K, reserved 327680K
}
Event: 27.739 GC heap before
{Heap before GC invocations=22 (full 0):
 garbage-first heap   total 267264K, used 244913K [0x00000000e0000000, 0x0000000100000000)
  region size 1024K, 102 young (104448K), 6 survivors (6144K)
 Metaspace       used 129842K, committed 132416K, reserved 458752K
  class space    used 16721K, committed 17984K, reserved 327680K
}
Event: 27.744 GC heap after
{Heap after GC invocations=23 (full 0):
 garbage-first heap   total 267264K, used 146981K [0x00000000e0000000, 0x0000000100000000)
  region size 1024K, 6 young (6144K), 6 survivors (6144K)
 Metaspace       used 129842K, committed 132416K, reserved 458752K
  class space    used 16721K, committed 17984K, reserved 327680K
}
Event: 28.900 GC heap before
{Heap before GC invocations=23 (full 0):
 garbage-first heap   total 267264K, used 245285K [0x00000000e0000000, 0x0000000100000000)
  region size 1024K, 102 young (104448K), 6 survivors (6144K)
 Metaspace       used 135364K, committed 137984K, reserved 458752K
  class space    used 17476K, committed 18752K, reserved 327680K
}
Event: 28.907 GC heap after
{Heap after GC invocations=24 (full 0):
 garbage-first heap   total 267264K, used 148197K [0x00000000e0000000, 0x0000000100000000)
  region size 1024K, 10 young (10240K), 10 survivors (10240K)
 Metaspace       used 135364K, committed 137984K, reserved 458752K
  class space    used 17476K, committed 18752K, reserved 327680K
}
Event: 29.756 GC heap before
{Heap before GC invocations=24 (full 0):
 garbage-first heap   total 267264K, used 240357K [0x00000000e0000000, 0x0000000100000000)
  region size 1024K, 101 young (103424K), 10 survivors (10240K)
 Metaspace       used 136497K, committed 139072K, reserved 458752K
  class space    used 17592K, committed 18880K, reserved 327680K
}
Event: 29.765 GC heap after
{Heap after GC invocations=25 (full 0):
 garbage-first heap   total 267264K, used 148574K [0x00000000e0000000, 0x0000000100000000)
  region size 1024K, 6 young (6144K), 6 survivors (6144K)
 Metaspace       used 136497K, committed 139072K, reserved 458752K
  class space    used 17592K, committed 18880K, reserved 327680K
}
Event: 30.100 GC heap before
{Heap before GC invocations=26 (full 0):
 garbage-first heap   total 275456K, used 245854K [0x00000000e0000000, 0x0000000100000000)
  region size 1024K, 101 young (103424K), 6 survivors (6144K)
 Metaspace       used 136506K, committed 139072K, reserved 458752K
  class space    used 17592K, committed 18880K, reserved 327680K
}
Event: 30.106 GC heap after
{Heap after GC invocations=27 (full 0):
 garbage-first heap   total 275456K, used 150276K [0x00000000e0000000, 0x0000000100000000)
  region size 1024K, 8 young (8192K), 8 survivors (8192K)
 Metaspace       used 136506K, committed 139072K, reserved 458752K
  class space    used 17592K, committed 18880K, reserved 327680K
}
Event: 30.563 GC heap before
{Heap before GC invocations=27 (full 0):
 garbage-first heap   total 275456K, used 252676K [0x00000000e0000000, 0x0000000100000000)
  region size 1024K, 107 young (109568K), 8 survivors (8192K)
 Metaspace       used 136928K, committed 139520K, reserved 458752K
  class space    used 17624K, committed 18944K, reserved 327680K
}
Event: 30.574 GC heap after
{Heap after GC invocations=28 (full 0):
 garbage-first heap   total 275456K, used 152174K [0x00000000e0000000, 0x0000000100000000)
  region size 1024K, 12 young (12288K), 12 survivors (12288K)
 Metaspace       used 136928K, committed 139520K, reserved 458752K
  class space    used 17624K, committed 18944K, reserved 327680K
}

